2019-06-07 18:06:51.613 [main] INFO   - Initialize HomePage
2019-06-07 18:06:53.171 [main] INFO   - Click on log in Link
2019-06-07 18:06:54.857 [main] INFO   - Log in
2019-06-07 18:06:54.886 [main] INFO   - Verify name
2019-06-07 18:06:56.319 [main] INFO   - Sign out
2019-06-07 18:06:56.344 [main] INFO   - Verify log in page loaded again
2019-07-07 18:07:56.660 [main] INFO   - Initialize HomePage
2019-07-07 18:07:58.014 [main] INFO   - Click on log in Link
2019-07-07 18:07:59.503 [main] INFO   - Log in
2019-07-07 18:07:59.531 [main] INFO   - Verify name
2019-08-07 18:08:00.034 [main] ERROR  - no such element: Unable to locate element: {"method":"xpath","selector":"//a[class='logout']"}
  (Session info: chrome=78.0.3904.108)
For documentation on this error, please visit: https://www.seleniumhq.org/exceptions/no_such_element.html
Build info: version: '3.141.59', revision: 'e82be7d358', time: '2018-11-14T08:17:03'
System info: host: 'DESKTOP-3BK3TIH', ip: '192.168.0.186', os.name: 'Windows 10', os.arch: 'amd64', os.version: '10.0', java.version: '11.0.4'
Driver info: org.openqa.selenium.chrome.ChromeDriver
Capabilities {acceptInsecureCerts: false, browserName: chrome, browserVersion: 78.0.3904.108, chrome: {chromedriverVersion: 78.0.3904.70 (edb9c9f3de024..., userDataDir: C:\Users\A946~1\AppData\Loc...}, goog:chromeOptions: {debuggerAddress: localhost:61182}, javascriptEnabled: true, networkConnectionEnabled: false, pageLoadStrategy: normal, platform: XP, platformName: XP, proxy: Proxy(), setWindowRect: true, strictFileInteractability: false, timeouts: {implicit: 0, pageLoad: 300000, script: 30000}, unhandledPromptBehavior: dismiss and notify}
Session ID: 09330c1669aba74b83eff8cb798c8a3a
*** Element info: {Using=xpath, value=//a[class='logout']}
2019-08-07 18:08:54.251 [main] INFO   - Initialize HomePage
2019-08-07 18:08:55.537 [main] INFO   - Click on log in Link
2019-08-07 18:08:57.025 [main] INFO   - Log in
2019-08-07 18:08:57.052 [main] INFO   - Verify name
2019-08-07 18:08:58.484 [main] INFO   - Sign out
2019-08-07 18:08:58.509 [main] INFO   - Verify log in page loaded again
